Saved working directory and index state WIP on master: e31c004 2018-07-19T22:30:45+08:00
HEAD is now at e31c004 2018-07-19T22:30:45+08:00
Already up-to-date.
# On branch master
# Changes not staged for commit:
#   (use "git add <file>..." to update what will be committed)
#   (use "git checkout -- <file>..." to discard changes in working directory)
#
#	modified:   .gitignore
#	modified:   archives/movie_2018-07-19.md
#
no changes added to commit (use "git add" and/or "git commit -a")
[master c439208] 2018-07-19T22:42:30+08:00
 2 files changed, 3 insertions(+), 1 deletion(-)
No local changes to save
exit status 1
# On branch master
nothing to commit, working directory clean
exit status 1
No local changes to save
Updating c439208..52e003f
Fast-forward
 template/test | 1 -
 1 file changed, 1 deletion(-)
 delete mode 100644 template/test
# On branch master
# Your branch is ahead of 'origin/master' by 1 commit.
#   (use "git push" to publish your local commits)
#
# Untracked files:
#   (use "git add <file>..." to include in what will be committed)
#
#	archives/movie_2018-07-20.md
nothing added to commit but untracked files present (use "git add" to track)
[master 71480ae] 2018-07-20T04:49:32+08:00
 1 file changed, 4 insertions(+)
 create mode 100644 archives/movie_2018-07-20.md
No local changes to save
Already up-to-date.
# On branch master
nothing to commit, working directory clean
exit status 1
Saved working directory and index state WIP on master: bddfeb9 fix sadd
HEAD is now at bddfeb9 fix sadd
Already up-to-date.
# On branch master
# Changes not staged for commit:
#   (use "git add <file>..." to update what will be committed)
#   (use "git checkout -- <file>..." to discard changes in working directory)
#
#	modified:   archives/movie_2018-07-20.md
#
no changes added to commit (use "git add" and/or "git commit -a")
[master d7b06e7] 2018-07-20T13:00:21+08:00
 1 file changed, 12 insertions(+), 1 deletion(-)
No local changes to save
Already up-to-date.
# On branch master
# Changes not staged for commit:
#   (use "git add <file>..." to update what will be committed)
#   (use "git checkout -- <file>..." to discard changes in working directory)
#
#	modified:   nohup.out
#
no changes added to commit (use "git add" and/or "git commit -a")
[master 52aa8c7] 2018-07-20T19:00:43+08:00
 1 file changed, 10 insertions(+)
exit status 1
